<?xml version="1.0" encoding="UTF-8"?>
<!-- Generated by org.testng.reporters.JUnitXMLReporter -->
<testsuite ignored="0" hostname="BASTET" failures="1" tests="4" name="Login" time="32.858" errors="0" timestamp="2025-05-10T09:28:47 EEST">
  <testcase classname="tests.LoginTest" name="testValidLogin" time="1.93"/>
  <testcase classname="tests.LoginTest" name="testInvalidLogin" time="0.682"/>
  <testcase classname="tests.LoginTest" name="testBlankCredentials" time="0.561"/>
  <testcase classname="tests.LoginTest" name="testErrorMessageContent" time="0.655">
    <failure type="java.lang.AssertionError" message="Error message text not as expected. Actual: The username and password could not be verified. expected [true] but found [false]">
      <![CDATA[java.lang.AssertionError: Error message text not as expected. Actual: The username and password could not be verified. expected [true] but found [false]
at tests.LoginTest.testErrorMessageContent(LoginTest.java:46)
at java.base/java.util.ArrayList.forEach(ArrayList.java:1596)
... Removed 28 stack frames]]>
    </failure>
  </testcase> <!-- testErrorMessageContent -->
</testsuite> <!-- Login -->
