<?xml version="1.0" encoding="UTF-8"?>
<!-- Generated by org.testng.reporters.JUnitXMLReporter -->
<testsuite ignored="0" hostname="BASTET" failures="0" tests="4" name="Registration" time="36.178" errors="0" timestamp="2025-05-10T00:33:50 EEST">
  <testcase classname="tests.RegistrationTest" name="verifyRegistrationPageLoads" time="0.09"/>
  <testcase classname="tests.RegistrationTest" name="testValidRegistration" time="1.474"/>
  <testcase classname="tests.RegistrationTest" name="testMissingMandatoryFields" time="1.445"/>
  <testcase classname="tests.RegistrationTest" name="testDuplicateUsername" time="1.467"/>
</testsuite> <!-- Registration -->
