<?xml version="1.0" encoding="UTF-8"?>
<testng-results ignored="0" total="6" passed="5" failed="1" skipped="0">
  <reporter-output>
  </reporter-output>
  <suite started-at="2025-05-10T10:18:05 EEST" name="Parabank Tests" finished-at="2025-05-10T10:19:10 EEST" duration-ms="65401">
    <groups>
    </groups>
    <test started-at="2025-05-10T10:18:05 EEST" name="Open Account" finished-at="2025-05-10T10:19:10 EEST" duration-ms="65401">
      <class name="tests.OpenAccountTest">
        <test-method is-config="true" signature="setUp(java.lang.String)[pri:0, instance:tests.OpenAccountTest@5e3f861]" started-at="2025-05-10T10:18:05 EEST" name="setUp" finished-at="2025-05-10T10:18:10 EEST" duration-ms="4980" status="PASS">
          <params>
            <param index="0">
              <value>
                <![CDATA[chrome]]>
              </value>
            </param>
          </params>
          <reporter-output>
          </reporter-output>
        </test-method> <!-- setUp -->
        <test-method is-config="true" signature="setUpTest()[pri:0, instance:tests.OpenAccountTest@5e3f861]" started-at="2025-05-10T10:18:10 EEST" name="setUpTest" finished-at="2025-05-10T10:18:12 EEST" duration-ms="2059" status="PASS">
          <reporter-output>
          </reporter-output>
        </test-method> <!-- setUpTest -->
        <test-method signature="TC12_navigateToOpenAccountPage()[pri:1, instance:tests.OpenAccountTest@5e3f861]" started-at="2025-05-10T10:18:12 EEST" name="TC12_navigateToOpenAccountPage" finished-at="2025-05-10T10:18:12 EEST" duration-ms="528" status="PASS">
          <reporter-output>
          </reporter-output>
        </test-method> <!-- TC12_navigateToOpenAccountPage -->
        <test-method is-config="true" signature="tearDown()[pri:0, instance:tests.OpenAccountTest@5e3f861]" started-at="2025-05-10T10:18:12 EEST" name="tearDown" finished-at="2025-05-10T10:18:16 EEST" duration-ms="3318" status="PASS">
          <reporter-output>
          </reporter-output>
        </test-method> <!-- tearDown -->
        <test-method is-config="true" signature="setUp(java.lang.String)[pri:0, instance:tests.OpenAccountTest@5e3f861]" started-at="2025-05-10T10:18:16 EEST" name="setUp" finished-at="2025-05-10T10:18:19 EEST" duration-ms="3002" status="PASS">
          <params>
            <param index="0">
              <value>
                <![CDATA[chrome]]>
              </value>
            </param>
          </params>
          <reporter-output>
          </reporter-output>
        </test-method> <!-- setUp -->
        <test-method is-config="true" signature="setUpTest()[pri:0, instance:tests.OpenAccountTest@5e3f861]" started-at="2025-05-10T10:18:19 EEST" name="setUpTest" finished-at="2025-05-10T10:18:21 EEST" duration-ms="1999" status="PASS">
          <reporter-output>
          </reporter-output>
        </test-method> <!-- setUpTest -->
        <test-method signature="TC13_openNewSavingsAccount()[pri:2, instance:tests.OpenAccountTest@5e3f861]" started-at="2025-05-10T10:18:21 EEST" name="TC13_openNewSavingsAccount" finished-at="2025-05-10T10:18:22 EEST" duration-ms="1222" status="PASS">
          <reporter-output>
          </reporter-output>
        </test-method> <!-- TC13_openNewSavingsAccount -->
        <test-method is-config="true" signature="tearDown()[pri:0, instance:tests.OpenAccountTest@5e3f861]" started-at="2025-05-10T10:18:22 EEST" name="tearDown" finished-at="2025-05-10T10:18:26 EEST" duration-ms="3999" status="PASS">
          <reporter-output>
          </reporter-output>
        </test-method> <!-- tearDown -->
        <test-method is-config="true" signature="setUp(java.lang.String)[pri:0, instance:tests.OpenAccountTest@5e3f861]" started-at="2025-05-10T10:18:26 EEST" name="setUp" finished-at="2025-05-10T10:18:28 EEST" duration-ms="2463" status="PASS">
          <params>
            <param index="0">
              <value>
                <![CDATA[chrome]]>
              </value>
            </param>
          </params>
          <reporter-output>
          </reporter-output>
        </test-method> <!-- setUp -->
        <test-method is-config="true" signature="setUpTest()[pri:0, instance:tests.OpenAccountTest@5e3f861]" started-at="2025-05-10T10:18:28 EEST" name="setUpTest" finished-at="2025-05-10T10:18:31 EEST" duration-ms="2032" status="PASS">
          <reporter-output>
          </reporter-output>
        </test-method> <!-- setUpTest -->
        <test-method signature="TC14_verifyNewAccountCreated()[pri:3, instance:tests.OpenAccountTest@5e3f861]" started-at="2025-05-10T10:18:31 EEST" name="TC14_verifyNewAccountCreated" finished-at="2025-05-10T10:18:31 EEST" duration-ms="738" status="PASS">
          <reporter-output>
          </reporter-output>
        </test-method> <!-- TC14_verifyNewAccountCreated -->
        <test-method is-config="true" signature="tearDown()[pri:0, instance:tests.OpenAccountTest@5e3f861]" started-at="2025-05-10T10:18:31 EEST" name="tearDown" finished-at="2025-05-10T10:18:35 EEST" duration-ms="3248" status="PASS">
          <reporter-output>
          </reporter-output>
        </test-method> <!-- tearDown -->
        <test-method is-config="true" signature="setUp(java.lang.String)[pri:0, instance:tests.OpenAccountTest@5e3f861]" started-at="2025-05-10T10:18:35 EEST" name="setUp" finished-at="2025-05-10T10:18:38 EEST" duration-ms="3050" status="PASS">
          <params>
            <param index="0">
              <value>
                <![CDATA[chrome]]>
              </value>
            </param>
          </params>
          <reporter-output>
          </reporter-output>
        </test-method> <!-- setUp -->
        <test-method is-config="true" signature="setUpTest()[pri:0, instance:tests.OpenAccountTest@5e3f861]" started-at="2025-05-10T10:18:38 EEST" name="setUpTest" finished-at="2025-05-10T10:18:39 EEST" duration-ms="1739" status="PASS">
          <reporter-output>
          </reporter-output>
        </test-method> <!-- setUpTest -->
        <test-method signature="TC15_navigateToTransferFundsPage()[pri:4, instance:tests.OpenAccountTest@5e3f861]" started-at="2025-05-10T10:18:39 EEST" name="TC15_navigateToTransferFundsPage" finished-at="2025-05-10T10:18:40 EEST" duration-ms="660" status="PASS">
          <reporter-output>
          </reporter-output>
        </test-method> <!-- TC15_navigateToTransferFundsPage -->
        <test-method is-config="true" signature="tearDown()[pri:0, instance:tests.OpenAccountTest@5e3f861]" started-at="2025-05-10T10:18:40 EEST" name="tearDown" finished-at="2025-05-10T10:18:43 EEST" duration-ms="3263" status="PASS">
          <reporter-output>
          </reporter-output>
        </test-method> <!-- tearDown -->
        <test-method is-config="true" signature="setUp(java.lang.String)[pri:0, instance:tests.OpenAccountTest@5e3f861]" started-at="2025-05-10T10:18:43 EEST" name="setUp" finished-at="2025-05-10T10:18:47 EEST" duration-ms="3669" status="PASS">
          <params>
            <param index="0">
              <value>
                <![CDATA[chrome]]>
              </value>
            </param>
          </params>
          <reporter-output>
          </reporter-output>
        </test-method> <!-- setUp -->
        <test-method is-config="true" signature="setUpTest()[pri:0, instance:tests.OpenAccountTest@5e3f861]" started-at="2025-05-10T10:18:47 EEST" name="setUpTest" finished-at="2025-05-10T10:18:50 EEST" duration-ms="3117" status="PASS">
          <reporter-output>
          </reporter-output>
        </test-method> <!-- setUpTest -->
        <test-method signature="TC16_transferFundsBetweenAccounts()[pri:5, instance:tests.OpenAccountTest@5e3f861]" started-at="2025-05-10T10:18:50 EEST" name="TC16_transferFundsBetweenAccounts" finished-at="2025-05-10T10:18:52 EEST" duration-ms="1834" status="PASS">
          <reporter-output>
          </reporter-output>
        </test-method> <!-- TC16_transferFundsBetweenAccounts -->
        <test-method is-config="true" signature="tearDown()[pri:0, instance:tests.OpenAccountTest@5e3f861]" started-at="2025-05-10T10:18:52 EEST" name="tearDown" finished-at="2025-05-10T10:18:55 EEST" duration-ms="3271" status="PASS">
          <reporter-output>
          </reporter-output>
        </test-method> <!-- tearDown -->
        <test-method is-config="true" signature="setUp(java.lang.String)[pri:0, instance:tests.OpenAccountTest@5e3f861]" started-at="2025-05-10T10:18:55 EEST" name="setUp" finished-at="2025-05-10T10:18:58 EEST" duration-ms="3198" status="PASS">
          <params>
            <param index="0">
              <value>
                <![CDATA[chrome]]>
              </value>
            </param>
          </params>
          <reporter-output>
          </reporter-output>
        </test-method> <!-- setUp -->
        <test-method is-config="true" signature="setUpTest()[pri:0, instance:tests.OpenAccountTest@5e3f861]" started-at="2025-05-10T10:18:58 EEST" name="setUpTest" finished-at="2025-05-10T10:19:00 EEST" duration-ms="1730" status="PASS">
          <reporter-output>
          </reporter-output>
        </test-method> <!-- setUpTest -->
        <test-method signature="TC17_attemptInvalidTransfer()[pri:6, instance:tests.OpenAccountTest@5e3f861]" started-at="2025-05-10T10:19:00 EEST" name="TC17_attemptInvalidTransfer" finished-at="2025-05-10T10:19:06 EEST" duration-ms="5989" status="FAIL">
          <exception class="java.lang.AssertionError">
            <message>
              <![CDATA[expected [true] but found [false]]]>
            </message>
            <full-stacktrace>
              <![CDATA[java.lang.AssertionError: expected [true] but found [false]
at org.testng.Assert.fail(Assert.java:111)
at org.testng.Assert.failNotEquals(Assert.java:1590)
at org.testng.Assert.assertTrue(Assert.java:57)
at org.testng.Assert.assertTrue(Assert.java:67)
at tests.OpenAccountTest.TC17_attemptInvalidTransfer(OpenAccountTest.java:66)
at java.base/jdk.internal.reflect.DirectMethodHandleAccessor.invoke(DirectMethodHandleAccessor.java:103)
at java.base/java.lang.reflect.Method.invoke(Method.java:580)
at org.testng.internal.invokers.MethodInvocationHelper.invokeMethod(MethodInvocationHelper.java:141)
at org.testng.internal.invokers.TestInvoker.invokeMethod(TestInvoker.java:687)
at org.testng.internal.invokers.TestInvoker.invokeTestMethod(TestInvoker.java:230)
at org.testng.internal.invokers.MethodRunner.runInSequence(MethodRunner.java:63)
at org.testng.internal.invokers.TestInvoker$MethodInvocationAgent.invoke(TestInvoker.java:995)
at org.testng.internal.invokers.TestInvoker.invokeTestMethods(TestInvoker.java:203)
at org.testng.internal.invokers.TestMethodWorker.invokeTestMethods(TestMethodWorker.java:154)
at org.testng.internal.invokers.TestMethodWorker.run(TestMethodWorker.java:134)
at java.base/java.util.ArrayList.forEach(ArrayList.java:1596)
at org.testng.TestRunner.privateRun(TestRunner.java:741)
at org.testng.TestRunner.run(TestRunner.java:616)
at org.testng.SuiteRunner.runTest(SuiteRunner.java:421)
at org.testng.SuiteRunner.runSequentially(SuiteRunner.java:413)
at org.testng.SuiteRunner.privateRun(SuiteRunner.java:373)
at org.testng.SuiteRunner.run(SuiteRunner.java:312)
at org.testng.SuiteRunnerWorker.runSuite(SuiteRunnerWorker.java:52)
at org.testng.SuiteRunnerWorker.run(SuiteRunnerWorker.java:95)
at org.testng.TestNG.runSuitesSequentially(TestNG.java:1274)
at org.testng.TestNG.runSuitesLocally(TestNG.java:1208)
at org.testng.TestNG.runSuites(TestNG.java:1112)
at org.testng.TestNG.run(TestNG.java:1079)
at org.testng.remote.AbstractRemoteTestNG.run(AbstractRemoteTestNG.java:115)
at org.testng.remote.RemoteTestNG.initAndRun(RemoteTestNG.java:293)
at org.testng.remote.RemoteTestNG.main(RemoteTestNG.java:91)
]]>
            </full-stacktrace>
          </exception> <!-- java.lang.AssertionError -->
          <reporter-output>
          </reporter-output>
        </test-method> <!-- TC17_attemptInvalidTransfer -->
        <test-method is-config="true" signature="tearDown()[pri:0, instance:tests.OpenAccountTest@5e3f861]" started-at="2025-05-10T10:19:06 EEST" name="tearDown" finished-at="2025-05-10T10:19:10 EEST" duration-ms="3962" status="PASS">
          <reporter-output>
          </reporter-output>
        </test-method> <!-- tearDown -->
      </class> <!-- tests.OpenAccountTest -->
    </test> <!-- Open Account -->
  </suite> <!-- Parabank Tests -->
</testng-results>
